<?xml version="1.0" encoding="UTF-8"?>
<testsuite xmlns:xsi="http://www.w3.org/2001/XMLSchema-instance" xsi:noNamespaceSchemaLocation="https://maven.apache.org/surefire/maven-surefire-plugin/xsd/surefire-test-report.xsd" version="3.0.2" name="com.lvoxx.sssm.post.web.PostControllerTest" time="2.076" tests="4" errors="0" skipped="0" failures="0" flakes="0">
  <properties>
[...]
</properties>
  <testcase name="getById_isPublic" classname="com.lvoxx.sssm.post.web.PostControllerTest" time="0.145">
    <system-out><![CDATA[23:48:52.043 [main] INFO org.springframework.test.context.support.AnnotationConfigContextLoaderUtils -- Could not detect default configuration classes for test class [com.lvoxx.sssm.post.web.PostControllerTest]: PostControllerTest does not declare any static, non-private, non-final, nested classes annotated with @Configuration.
23:48:52.225 [main] INFO org.springframework.boot.test.context.SpringBootTestContextBootstrapper -- Found @SpringBootConfiguration com.lvoxx.sssm.post.PostServiceApplication for test class com.lvoxx.sssm.post.web.PostControllerTest
23:48:52.230 [main] INFO org.springframework.test.context.support.AnnotationConfigContextLoaderUtils -- Could not detect default configuration classes for test class [com.lvoxx.sssm.post.web.PostControllerTest]: PostControllerTest does not declare any static, non-private, non-final, nested classes annotated with @Configuration.
23:48:52.243 [main] INFO org.springframework.boot.test.context.SpringBootTestContextBootstrapper -- Found @SpringBootConfiguration com.lvoxx.sssm.post.PostServiceApplication for test class com.lvoxx.sssm.post.web.PostControllerTest

  .   ____          _            __ _ _
 /\\ / ___'_ __ _ _(_)_ __  __ _ \ \ \ \
( ( )\___ | '_ | '_| | '_ \/ _` | \ \ \ \
 \\/  ___)| |_)| | | | | || (_| |  ) ) ) )
  '  |____| .__|_| |_|_| |_\__, | / / / /
 =========|_|==============|___/=/_/_/_/

 :: Spring Boot ::                (v4.1.0)

2026-06-15T23:48:52.629+07:00  INFO 6904 --- [           main] c.l.sssm.post.web.PostControllerTest     : Starting PostControllerTest using Java 25.0.1 with PID 6904 (started by Administrator in K:\mygit\supar-simple-social-media\apps\java\post-service)
2026-06-15T23:48:52.630+07:00  INFO 6904 --- [           main] c.l.sssm.post.web.PostControllerTest     : No active profile set, falling back to 1 default profile: "default"
2026-06-15T23:48:53.407+07:00  WARN 6904 --- [           main] .s.a.UserDetailsServiceAutoConfiguration : 

Using generated security password: def1044b-e4d0-484d-bb3d-0cacfa68b13a

This generated password is for development use only. Your security configuration must be updated before running your application in production.

2026-06-15T23:48:53.414+07:00  INFO 6904 --- [           main] r$InitializeUserDetailsManagerConfigurer : Global AuthenticationManager configured with UserDetailsService bean with name inMemoryUserDetailsManager
2026-06-15T23:48:53.737+07:00  INFO 6904 --- [           main] o.s.b.t.m.w.SpringBootMockServletContext : Initializing Spring TestDispatcherServlet ''
2026-06-15T23:48:53.738+07:00  INFO 6904 --- [           main] o.s.t.web.servlet.TestDispatcherServlet  : Initializing Servlet ''
2026-06-15T23:48:53.740+07:00  INFO 6904 --- [           main] o.s.t.web.servlet.TestDispatcherServlet  : Completed initialization in 2 ms
2026-06-15T23:48:53.780+07:00  INFO 6904 --- [           main] c.l.sssm.post.web.PostControllerTest     : Started PostControllerTest in 1.474 seconds (process running for 3.517)
]]></system-out>
  </testcase>
  <testcase name="create_withoutGatewayIdentity_returns401" classname="com.lvoxx.sssm.post.web.PostControllerTest" time="0.009"/>
  <testcase name="delete_withoutGatewayIdentity_returns401" classname="com.lvoxx.sssm.post.web.PostControllerTest" time="0.008"/>
  <testcase name="create_withGatewayIdentity_returns201" classname="com.lvoxx.sssm.post.web.PostControllerTest" time="0.096"/>
</testsuite>